<?xml version="1.0" encoding="UTF-8"?>
<!-- Generated by org.testng.reporters.JUnitReportReporter -->
<testsuite skipped="0" hostname="JBJK" name="com.ObjectRepository.AddToCart_Page" tests="1" failures="0" timestamp="03 Jan 2019 11:47:30 GMT" time="40.916" errors="0">
  <testcase name="Validate_Big_W_App" time="40.916" classname="com.ObjectRepository.AddToCart_Page"/>
</testsuite> <!-- com.ObjectRepository.AddToCart_Page -->
